<?xml version="1.0" encoding="UTF-8"?>
<coverage generated="1678957426576" clover="3.2.0">
  <project timestamp="1678957426576" name="All files">
    <metrics statements="41" coveredstatements="21" conditionals="20" coveredconditionals="4" methods="20" coveredmethods="9" elements="81" coveredelements="34" complexity="0" loc="41" ncloc="41" packages="2" files="6" classes="6"/>
    <package name="components">
      <metrics statements="22" coveredstatements="21" conditionals="16" coveredconditionals="4" methods="10" coveredmethods="9"/>
      <file name="CenterPanel.js" path="/home/jonathan/Fondeadora/Prueba-tecnica-API/components/CenterPanel.js">
        <metrics statements="2" coveredstatements="2" conditionals="12" coveredconditionals="1" methods="1" coveredmethods="1"/>
        <line num="3" count="1" type="stmt"/>
        <line num="4" count="1" type="stmt"/>
      </file>
      <file name="LeftPanel.js" path="/home/jonathan/Fondeadora/Prueba-tecnica-API/components/LeftPanel.js">
        <metrics statements="5" coveredstatements="5" conditionals="2" coveredconditionals="2" methods="4" coveredmethods="4"/>
        <line num="3" count="1" type="stmt"/>
        <line num="4" count="1" type="stmt"/>
        <line num="9" count="1666" type="cond" truecount="2" falsecount="0"/>
        <line num="11" count="250" type="stmt"/>
        <line num="13" count="1" type="stmt"/>
      </file>
      <file name="RightPanel.js" path="/home/jonathan/Fondeadora/Prueba-tecnica-API/components/RightPanel.js">
        <metrics statements="5" coveredstatements="4" conditionals="2" coveredconditionals="1" methods="4" coveredmethods="3"/>
        <line num="3" count="1" type="stmt"/>
        <line num="4" count="1" type="stmt"/>
        <line num="9" count="249" type="cond" truecount="1" falsecount="1"/>
        <line num="11" count="250" type="stmt"/>
        <line num="14" count="0" type="stmt"/>
      </file>
      <file name="header.js" path="/home/jonathan/Fondeadora/Prueba-tecnica-API/components/header.js">
        <metrics statements="2" coveredstatements="2" conditionals="0" coveredconditionals="0" methods="1" coveredmethods="1"/>
        <line num="3" count="1" type="stmt"/>
        <line num="4" count="1" type="stmt"/>
      </file>
      <file name="styles.js" path="/home/jonathan/Fondeadora/Prueba-tecnica-API/components/styles.js">
        <metrics statements="8" coveredstatements="8" conditionals="0" coveredconditionals="0" methods="0" coveredmethods="0"/>
        <line num="4" count="1" type="stmt"/>
        <line num="14" count="1" type="stmt"/>
        <line num="20" count="1" type="stmt"/>
        <line num="24" count="1" type="stmt"/>
        <line num="98" count="1" type="stmt"/>
        <line num="102" count="1" type="stmt"/>
        <line num="131" count="1" type="stmt"/>
        <line num="135" count="1" type="stmt"/>
      </file>
    </package>
    <package name="pages">
      <metrics statements="19" coveredstatements="0" conditionals="4" coveredconditionals="0" methods="10" coveredmethods="0"/>
      <file name="index.js" path="/home/jonathan/Fondeadora/Prueba-tecnica-API/pages/index.js">
        <metrics statements="19" coveredstatements="0" conditionals="4" coveredconditionals="0" methods="10" coveredmethods="0"/>
        <line num="8" count="0" type="stmt"/>
        <line num="9" count="0" type="stmt"/>
        <line num="10" count="0" type="stmt"/>
        <line num="11" count="0" type="stmt"/>
        <line num="12" count="0" type="stmt"/>
        <line num="13" count="0" type="stmt"/>
        <line num="14" count="0" type="stmt"/>
        <line num="16" count="0" type="stmt"/>
        <line num="17" count="0" type="stmt"/>
        <line num="18" count="0" type="cond" truecount="0" falsecount="2"/>
        <line num="19" count="0" type="stmt"/>
        <line num="21" count="0" type="stmt"/>
        <line num="22" count="0" type="stmt"/>
        <line num="30" count="0" type="stmt"/>
        <line num="31" count="0" type="stmt"/>
        <line num="32" count="0" type="stmt"/>
        <line num="35" count="0" type="stmt"/>
        <line num="37" count="0" type="stmt"/>
        <line num="40" count="0" type="stmt"/>
      </file>
    </package>
  </project>
</coverage>
