{"/home/jonathan/Fondeadora/Prueba-tecnica-API/components/CenterPanel.js": {"path":"/home/jonathan/Fondeadora/Prueba-tecnica-API/components/CenterPanel.js","statementMap":{"0":{"start":{"line":3,"column":20},"end":{"line":58,"column":1}},"1":{"start":{"line":4,"column":2},"end":{"line":57,"column":4}}},"fnMap":{"0":{"name":"(anonymous_0)","decl":{"start":{"line":3,"column":20},"end":{"line":3,"column":21}},"loc":{"start":{"line":3,"column":37},"end":{"line":58,"column":1}},"line":3}},"branchMap":{"0":{"loc":{"start":{"line":9,"column":9},"end":{"line":54,"column":9}},"type":"binary-expr","locations":[{"start":{"line":9,"column":9},"end":{"line":9,"column":21}},{"start":{"line":10,"column":10},"end":{"line":53,"column":13}}],"line":9},"1":{"loc":{"start":{"line":11,"column":11},"end":{"line":16,"column":11}},"type":"binary-expr","locations":[{"start":{"line":11,"column":11},"end":{"line":11,"column":23}},{"start":{"line":12,"column":12},"end":{"line":15,"column":15}}],"line":11},"2":{"loc":{"start":{"line":17,"column":11},"end":{"line":30,"column":11}},"type":"cond-expr","locations":[{"start":{"line":18,"column":12},"end":{"line":24,"column":15}},{"start":{"line":26,"column":12},"end":{"line":29,"column":15}}],"line":17},"3":{"loc":{"start":{"line":31,"column":11},"end":{"line":41,"column":11}},"type":"cond-expr","locations":[{"start":{"line":32,"column":12},"end":{"line":35,"column":15}},{"start":{"line":37,"column":12},"end":{"line":40,"column":15}}],"line":31},"4":{"loc":{"start":{"line":42,"column":11},"end":{"line":52,"column":11}},"type":"cond-expr","locations":[{"start":{"line":43,"column":12},"end":{"line":46,"column":15}},{"start":{"line":48,"column":12},"end":{"line":51,"column":15}}],"line":42},"5":{"loc":{"start":{"line":42,"column":11},"end":{"line":42,"column":69}},"type":"binary-expr","locations":[{"start":{"line":42,"column":11},"end":{"line":42,"column":29}},{"start":{"line":42,"column":33},"end":{"line":42,"column":69}}],"line":42}},"s":{"0":1,"1":1},"f":{"0":1},"b":{"0":[1,0],"1":[0,0],"2":[0,0],"3":[0,0],"4":[0,0],"5":[0,0]},"_coverageSchema":"1a1c01bbd47fc00a2c39e90264f33305004495a9","hash":"8eec658d199cb5f67e1f44d77a246eef38853bcc"}
,"/home/jonathan/Fondeadora/Prueba-tecnica-API/components/LeftPanel.js": {"path":"/home/jonathan/Fondeadora/Prueba-tecnica-API/components/LeftPanel.js","statementMap":{"0":{"start":{"line":3,"column":18},"end":{"line":21,"column":1}},"1":{"start":{"line":4,"column":2},"end":{"line":20,"column":4}},"2":{"start":{"line":9,"column":27},"end":{"line":9,"column":65}},"3":{"start":{"line":11,"column":12},"end":{"line":16,"column":21}},"4":{"start":{"line":13,"column":29},"end":{"line":13,"column":65}}},"fnMap":{"0":{"name":"(anonymous_0)","decl":{"start":{"line":3,"column":18},"end":{"line":3,"column":19}},"loc":{"start":{"line":3,"column":59},"end":{"line":21,"column":1}},"line":3},"1":{"name":"(anonymous_1)","decl":{"start":{"line":9,"column":16},"end":{"line":9,"column":17}},"loc":{"start":{"line":9,"column":27},"end":{"line":9,"column":65}},"line":9},"2":{"name":"(anonymous_2)","decl":{"start":{"line":10,"column":15},"end":{"line":10,"column":16}},"loc":{"start":{"line":11,"column":12},"end":{"line":16,"column":21}},"line":11},"3":{"name":"(anonymous_3)","decl":{"start":{"line":13,"column":23},"end":{"line":13,"column":24}},"loc":{"start":{"line":13,"column":29},"end":{"line":13,"column":65}},"line":13}},"branchMap":{"0":{"loc":{"start":{"line":9,"column":27},"end":{"line":9,"column":65}},"type":"cond-expr","locations":[{"start":{"line":9,"column":59},"end":{"line":9,"column":60}},{"start":{"line":9,"column":63},"end":{"line":9,"column":65}}],"line":9}},"s":{"0":1,"1":1,"2":1666,"3":250,"4":1},"f":{"0":1,"1":1666,"2":250,"3":1},"b":{"0":[798,868]},"_coverageSchema":"1a1c01bbd47fc00a2c39e90264f33305004495a9","hash":"fb6f9da7dcebc18db5dd9286ae1ca7ff57c57aa9"}
,"/home/jonathan/Fondeadora/Prueba-tecnica-API/components/RightPanel.js": {"path":"/home/jonathan/Fondeadora/Prueba-tecnica-API/components/RightPanel.js","statementMap":{"0":{"start":{"line":3,"column":19},"end":{"line":24,"column":1}},"1":{"start":{"line":4,"column":2},"end":{"line":23,"column":4}},"2":{"start":{"line":9,"column":27},"end":{"line":9,"column":65}},"3":{"start":{"line":11,"column":12},"end":{"line":19,"column":18}},"4":{"start":{"line":14,"column":31},"end":{"line":14,"column":67}}},"fnMap":{"0":{"name":"(anonymous_0)","decl":{"start":{"line":3,"column":19},"end":{"line":3,"column":20}},"loc":{"start":{"line":3,"column":60},"end":{"line":24,"column":1}},"line":3},"1":{"name":"(anonymous_1)","decl":{"start":{"line":9,"column":16},"end":{"line":9,"column":17}},"loc":{"start":{"line":9,"column":27},"end":{"line":9,"column":65}},"line":9},"2":{"name":"(anonymous_2)","decl":{"start":{"line":10,"column":15},"end":{"line":10,"column":16}},"loc":{"start":{"line":11,"column":12},"end":{"line":19,"column":18}},"line":11},"3":{"name":"(anonymous_3)","decl":{"start":{"line":14,"column":25},"end":{"line":14,"column":26}},"loc":{"start":{"line":14,"column":31},"end":{"line":14,"column":67}},"line":14}},"branchMap":{"0":{"loc":{"start":{"line":9,"column":27},"end":{"line":9,"column":65}},"type":"cond-expr","locations":[{"start":{"line":9,"column":59},"end":{"line":9,"column":60}},{"start":{"line":9,"column":63},"end":{"line":9,"column":65}}],"line":9}},"s":{"0":1,"1":1,"2":249,"3":250,"4":0},"f":{"0":1,"1":249,"2":250,"3":0},"b":{"0":[249,0]},"_coverageSchema":"1a1c01bbd47fc00a2c39e90264f33305004495a9","hash":"d0c67323ee70cc95c229ef04e28f34c2a83e8445"}
,"/home/jonathan/Fondeadora/Prueba-tecnica-API/components/header.js": {"path":"/home/jonathan/Fondeadora/Prueba-tecnica-API/components/header.js","statementMap":{"0":{"start":{"line":3,"column":15},"end":{"line":9,"column":1}},"1":{"start":{"line":4,"column":2},"end":{"line":8,"column":4}}},"fnMap":{"0":{"name":"(anonymous_0)","decl":{"start":{"line":3,"column":15},"end":{"line":3,"column":16}},"loc":{"start":{"line":3,"column":21},"end":{"line":9,"column":1}},"line":3}},"branchMap":{},"s":{"0":1,"1":1},"f":{"0":1},"b":{},"_coverageSchema":"1a1c01bbd47fc00a2c39e90264f33305004495a9","hash":"c9d986e0efe483a95d5798843930f9deb25b9b73"}
,"/home/jonathan/Fondeadora/Prueba-tecnica-API/components/styles.js": {"path":"/home/jonathan/Fondeadora/Prueba-tecnica-API/components/styles.js","statementMap":{"0":{"start":{"line":4,"column":26},"end":{"line":12,"column":1}},"1":{"start":{"line":14,"column":28},"end":{"line":18,"column":1}},"2":{"start":{"line":20,"column":33},"end":{"line":22,"column":1}},"3":{"start":{"line":24,"column":31},"end":{"line":97,"column":1}},"4":{"start":{"line":98,"column":36},"end":{"line":100,"column":1}},"5":{"start":{"line":102,"column":34},"end":{"line":129,"column":1}},"6":{"start":{"line":131,"column":35},"end":{"line":133,"column":1}},"7":{"start":{"line":135,"column":32},"end":{"line":218,"column":1}}},"fnMap":{},"branchMap":{},"s":{"0":1,"1":1,"2":1,"3":1,"4":1,"5":1,"6":1,"7":1},"f":{},"b":{},"_coverageSchema":"1a1c01bbd47fc00a2c39e90264f33305004495a9","hash":"40e07ad78486d34bf72d915e43f449b4a91beaf3"}
,"/home/jonathan/Fondeadora/Prueba-tecnica-API/pages/index.js": {"path":"/home/jonathan/Fondeadora/Prueba-tecnica-API/pages/index.js","statementMap":{"0":{"start":{"line":8,"column":13},"end":{"line":56,"column":1}},"1":{"start":{"line":9,"column":32},"end":{"line":9,"column":44}},"2":{"start":{"line":10,"column":44},"end":{"line":10,"column":56}},"3":{"start":{"line":11,"column":27},"end":{"line":15,"column":3}},"4":{"start":{"line":12,"column":26},"end":{"line":12,"column":72}},"5":{"start":{"line":12,"column":52},"end":{"line":12,"column":71}},"6":{"start":{"line":13,"column":32},"end":{"line":13,"column":62}},"7":{"start":{"line":14,"column":4},"end":{"line":14,"column":31}},"8":{"start":{"line":16,"column":33},"end":{"line":28,"column":3}},"9":{"start":{"line":17,"column":4},"end":{"line":17,"column":69}},"10":{"start":{"line":17,"column":47},"end":{"line":17,"column":66}},"11":{"start":{"line":18,"column":4},"end":{"line":27,"column":5}},"12":{"start":{"line":18,"column":32},"end":{"line":18,"column":48}},"13":{"start":{"line":19,"column":6},"end":{"line":19,"column":53}},"14":{"start":{"line":21,"column":6},"end":{"line":26,"column":8}},"15":{"start":{"line":22,"column":31},"end":{"line":25,"column":9}},"16":{"start":{"line":30,"column":32},"end":{"line":30,"column":44}},"17":{"start":{"line":31,"column":2},"end":{"line":39,"column":9}},"18":{"start":{"line":32,"column":4},"end":{"line":38,"column":9}},"19":{"start":{"line":35,"column":26},"end":{"line":35,"column":41}},"20":{"start":{"line":37,"column":8},"end":{"line":37,"column":25}},"21":{"start":{"line":40,"column":2},"end":{"line":55,"column":4}}},"fnMap":{"0":{"name":"(anonymous_0)","decl":{"start":{"line":8,"column":13},"end":{"line":8,"column":14}},"loc":{"start":{"line":8,"column":19},"end":{"line":56,"column":1}},"line":8},"1":{"name":"(anonymous_1)","decl":{"start":{"line":11,"column":27},"end":{"line":11,"column":28}},"loc":{"start":{"line":11,"column":35},"end":{"line":15,"column":3}},"line":11},"2":{"name":"(anonymous_2)","decl":{"start":{"line":12,"column":39},"end":{"line":12,"column":40}},"loc":{"start":{"line":12,"column":52},"end":{"line":12,"column":71}},"line":12},"3":{"name":"(anonymous_3)","decl":{"start":{"line":16,"column":33},"end":{"line":16,"column":34}},"loc":{"start":{"line":16,"column":41},"end":{"line":28,"column":3}},"line":16},"4":{"name":"(anonymous_4)","decl":{"start":{"line":17,"column":34},"end":{"line":17,"column":35}},"loc":{"start":{"line":17,"column":47},"end":{"line":17,"column":66}},"line":17},"5":{"name":"(anonymous_5)","decl":{"start":{"line":18,"column":22},"end":{"line":18,"column":23}},"loc":{"start":{"line":18,"column":32},"end":{"line":18,"column":48}},"line":18},"6":{"name":"(anonymous_6)","decl":{"start":{"line":22,"column":20},"end":{"line":22,"column":21}},"loc":{"start":{"line":22,"column":31},"end":{"line":25,"column":9}},"line":22},"7":{"name":"(anonymous_7)","decl":{"start":{"line":31,"column":12},"end":{"line":31,"column":13}},"loc":{"start":{"line":31,"column":18},"end":{"line":39,"column":3}},"line":31},"8":{"name":"(anonymous_8)","decl":{"start":{"line":35,"column":12},"end":{"line":35,"column":13}},"loc":{"start":{"line":35,"column":26},"end":{"line":35,"column":41}},"line":35},"9":{"name":"(anonymous_9)","decl":{"start":{"line":36,"column":12},"end":{"line":36,"column":13}},"loc":{"start":{"line":36,"column":22},"end":{"line":38,"column":7}},"line":36}},"branchMap":{"0":{"loc":{"start":{"line":18,"column":4},"end":{"line":27,"column":5}},"type":"if","locations":[{"start":{"line":18,"column":4},"end":{"line":27,"column":5}},{"start":{"line":20,"column":11},"end":{"line":27,"column":5}}],"line":18},"1":{"loc":{"start":{"line":24,"column":17},"end":{"line":24,"column":63}},"type":"cond-expr","locations":[{"start":{"line":24,"column":36},"end":{"line":24,"column":50}},{"start":{"line":24,"column":53},"end":{"line":24,"column":63}}],"line":24}},"s":{"0":0,"1":0,"2":0,"3":0,"4":0,"5":0,"6":0,"7":0,"8":0,"9":0,"10":0,"11":0,"12":0,"13":0,"14":0,"15":0,"16":0,"17":0,"18":0,"19":0,"20":0,"21":0},"f":{"0":0,"1":0,"2":0,"3":0,"4":0,"5":0,"6":0,"7":0,"8":0,"9":0},"b":{"0":[0,0],"1":[0,0]}}
}
