TN:
SF:components/CenterPanel.js
FN:3,(anonymous_0)
FNF:1
FNH:1
FNDA:1,(anonymous_0)
DA:3,1
DA:4,1
LF:2
LH:2
BRDA:9,0,0,1
BRDA:9,0,1,0
BRDA:11,1,0,0
BRDA:11,1,1,0
BRDA:17,2,0,0
BRDA:17,2,1,0
BRDA:31,3,0,0
BRDA:31,3,1,0
BRDA:42,4,0,0
BRDA:42,4,1,0
BRDA:42,5,0,0
BRDA:42,5,1,0
BRF:12
BRH:1
end_of_record
TN:
SF:components/LeftPanel.js
FN:3,(anonymous_0)
FN:9,(anonymous_1)
FN:10,(anonymous_2)
FN:13,(anonymous_3)
FNF:4
FNH:4
FNDA:1,(anonymous_0)
FNDA:1666,(anonymous_1)
FNDA:250,(anonymous_2)
FNDA:1,(anonymous_3)
DA:3,1
DA:4,1
DA:9,1666
DA:11,250
DA:13,1
LF:5
LH:5
BRDA:9,0,0,798
BRDA:9,0,1,868
BRF:2
BRH:2
end_of_record
TN:
SF:components/RightPanel.js
FN:3,(anonymous_0)
FN:9,(anonymous_1)
FN:10,(anonymous_2)
FN:14,(anonymous_3)
FNF:4
FNH:3
FNDA:1,(anonymous_0)
FNDA:249,(anonymous_1)
FNDA:250,(anonymous_2)
FNDA:0,(anonymous_3)
DA:3,1
DA:4,1
DA:9,249
DA:11,250
DA:14,0
LF:5
LH:4
BRDA:9,0,0,249
BRDA:9,0,1,0
BRF:2
BRH:1
end_of_record
TN:
SF:components/header.js
FN:3,(anonymous_0)
FNF:1
FNH:1
FNDA:1,(anonymous_0)
DA:3,1
DA:4,1
LF:2
LH:2
BRF:0
BRH:0
end_of_record
TN:
SF:components/styles.js
FNF:0
FNH:0
DA:4,1
DA:14,1
DA:20,1
DA:24,1
DA:98,1
DA:102,1
DA:131,1
DA:135,1
LF:8
LH:8
BRF:0
BRH:0
end_of_record
TN:
SF:pages/index.js
FN:8,(anonymous_0)
FN:11,(anonymous_1)
FN:12,(anonymous_2)
FN:16,(anonymous_3)
FN:17,(anonymous_4)
FN:18,(anonymous_5)
FN:22,(anonymous_6)
FN:31,(anonymous_7)
FN:35,(anonymous_8)
FN:36,(anonymous_9)
FNF:10
FNH:0
FNDA:0,(anonymous_0)
FNDA:0,(anonymous_1)
FNDA:0,(anonymous_2)
FNDA:0,(anonymous_3)
FNDA:0,(anonymous_4)
FNDA:0,(anonymous_5)
FNDA:0,(anonymous_6)
FNDA:0,(anonymous_7)
FNDA:0,(anonymous_8)
FNDA:0,(anonymous_9)
DA:8,0
DA:9,0
DA:10,0
DA:11,0
DA:12,0
DA:13,0
DA:14,0
DA:16,0
DA:17,0
DA:18,0
DA:19,0
DA:21,0
DA:22,0
DA:30,0
DA:31,0
DA:32,0
DA:35,0
DA:37,0
DA:40,0
LF:19
LH:0
BRDA:18,0,0,0
BRDA:18,0,1,0
BRDA:24,1,0,0
BRDA:24,1,1,0
BRF:4
BRH:0
end_of_record
